{"E:\\androidstudio\\projects\\FirstProject\\src\\img\\7.png": {"path":"E:\\androidstudio\\projects\\FirstProject\\src\\img\\7.png","statementMap":{"0":{"start":{"line":1,"column":0},"end":{"line":4,"column":6}}},"fnMap":{},"branchMap":{},"s":{"0":1},"f":{},"b":{},"_coverageSchema":"43e27e138ebf9cfc5966b082cf9a028302ed4184","hash":"0eef564e908a639247a4749a0904ea388c66772e"}
,"E:\\androidstudio\\projects\\FirstProject\\src\\img\\background.jpg": {"path":"E:\\androidstudio\\projects\\FirstProject\\src\\img\\background.jpg","statementMap":{"0":{"start":{"line":1,"column":0},"end":{"line":4,"column":6}}},"fnMap":{},"branchMap":{},"s":{"0":1},"f":{},"b":{},"_coverageSchema":"43e27e138ebf9cfc5966b082cf9a028302ed4184","hash":"85d6c88bfb1214ad5b904dcc14c778f116708352"}
,"E:\\androidstudio\\projects\\FirstProject\\src\\img\\background2.jpg": {"path":"E:\\androidstudio\\projects\\FirstProject\\src\\img\\background2.jpg","statementMap":{"0":{"start":{"line":1,"column":0},"end":{"line":4,"column":6}}},"fnMap":{},"branchMap":{},"s":{"0":1},"f":{},"b":{},"_coverageSchema":"43e27e138ebf9cfc5966b082cf9a028302ed4184","hash":"7e50523be3288d488031cded9758b82f1f281553"}
,"E:\\androidstudio\\projects\\FirstProject\\src\\img\\clothes.png": {"path":"E:\\androidstudio\\projects\\FirstProject\\src\\img\\clothes.png","statementMap":{"0":{"start":{"line":1,"column":0},"end":{"line":4,"column":6}}},"fnMap":{},"branchMap":{},"s":{"0":5},"f":{},"b":{},"_coverageSchema":"43e27e138ebf9cfc5966b082cf9a028302ed4184","hash":"66d190231c59d27631b00770b4d4d36acbeaa4b5"}
,"E:\\androidstudio\\projects\\FirstProject\\src\\img\\clothes1.png": {"path":"E:\\androidstudio\\projects\\FirstProject\\src\\img\\clothes1.png","statementMap":{"0":{"start":{"line":1,"column":0},"end":{"line":4,"column":6}}},"fnMap":{},"branchMap":{},"s":{"0":5},"f":{},"b":{},"_coverageSchema":"43e27e138ebf9cfc5966b082cf9a028302ed4184","hash":"85451e5bde7441ed89ac2e598edcc02fdc040094"}
,"E:\\androidstudio\\projects\\FirstProject\\src\\img\\delete.png": {"path":"E:\\androidstudio\\projects\\FirstProject\\src\\img\\delete.png","statementMap":{"0":{"start":{"line":1,"column":0},"end":{"line":4,"column":6}}},"fnMap":{},"branchMap":{},"s":{"0":1},"f":{},"b":{},"_coverageSchema":"43e27e138ebf9cfc5966b082cf9a028302ed4184","hash":"bcfa69918a98715c6744f00e52dbf4e8940e8598"}
,"E:\\androidstudio\\projects\\FirstProject\\src\\img\\friend.png": {"path":"E:\\androidstudio\\projects\\FirstProject\\src\\img\\friend.png","statementMap":{"0":{"start":{"line":1,"column":0},"end":{"line":4,"column":6}}},"fnMap":{},"branchMap":{},"s":{"0":5},"f":{},"b":{},"_coverageSchema":"43e27e138ebf9cfc5966b082cf9a028302ed4184","hash":"a79f333d9ad302225c48a8a9becd56ef2188d6c0"}
,"E:\\androidstudio\\projects\\FirstProject\\src\\img\\friends.png": {"path":"E:\\androidstudio\\projects\\FirstProject\\src\\img\\friends.png","statementMap":{"0":{"start":{"line":1,"column":0},"end":{"line":4,"column":6}}},"fnMap":{},"branchMap":{},"s":{"0":5},"f":{},"b":{},"_coverageSchema":"43e27e138ebf9cfc5966b082cf9a028302ed4184","hash":"b5dbde0af1c2add34152465fd4b85cda4821d09d"}
,"E:\\androidstudio\\projects\\FirstProject\\src\\img\\like1.png": {"path":"E:\\androidstudio\\projects\\FirstProject\\src\\img\\like1.png","statementMap":{"0":{"start":{"line":1,"column":0},"end":{"line":4,"column":6}}},"fnMap":{},"branchMap":{},"s":{"0":1},"f":{},"b":{},"_coverageSchema":"43e27e138ebf9cfc5966b082cf9a028302ed4184","hash":"da075863f80cda6530f99cb82568faa255b3d27b"}
,"E:\\androidstudio\\projects\\FirstProject\\src\\img\\main.png": {"path":"E:\\androidstudio\\projects\\FirstProject\\src\\img\\main.png","statementMap":{"0":{"start":{"line":1,"column":0},"end":{"line":4,"column":6}}},"fnMap":{},"branchMap":{},"s":{"0":5},"f":{},"b":{},"_coverageSchema":"43e27e138ebf9cfc5966b082cf9a028302ed4184","hash":"e33d6f8248c3addf77f51b34a114ec8eecdf7313"}
,"E:\\androidstudio\\projects\\FirstProject\\src\\img\\mains.png": {"path":"E:\\androidstudio\\projects\\FirstProject\\src\\img\\mains.png","statementMap":{"0":{"start":{"line":1,"column":0},"end":{"line":4,"column":6}}},"fnMap":{},"branchMap":{},"s":{"0":5},"f":{},"b":{},"_coverageSchema":"43e27e138ebf9cfc5966b082cf9a028302ed4184","hash":"43f4cb4b53f629afbea64b1be1df60e766fdaa37"}
,"E:\\androidstudio\\projects\\FirstProject\\src\\img\\match1.png": {"path":"E:\\androidstudio\\projects\\FirstProject\\src\\img\\match1.png","statementMap":{"0":{"start":{"line":1,"column":0},"end":{"line":4,"column":6}}},"fnMap":{},"branchMap":{},"s":{"0":5},"f":{},"b":{},"_coverageSchema":"43e27e138ebf9cfc5966b082cf9a028302ed4184","hash":"eb733619fdf9ff959af4c35049c55836e58b540d"}
,"E:\\androidstudio\\projects\\FirstProject\\src\\img\\match2.png": {"path":"E:\\androidstudio\\projects\\FirstProject\\src\\img\\match2.png","statementMap":{"0":{"start":{"line":1,"column":0},"end":{"line":4,"column":6}}},"fnMap":{},"branchMap":{},"s":{"0":5},"f":{},"b":{},"_coverageSchema":"43e27e138ebf9cfc5966b082cf9a028302ed4184","hash":"3226b4de925d81f81d67e4b92a988b56591a7a93"}
,"E:\\androidstudio\\projects\\FirstProject\\src\\img\\message.png": {"path":"E:\\androidstudio\\projects\\FirstProject\\src\\img\\message.png","statementMap":{"0":{"start":{"line":1,"column":0},"end":{"line":4,"column":6}}},"fnMap":{},"branchMap":{},"s":{"0":5},"f":{},"b":{},"_coverageSchema":"43e27e138ebf9cfc5966b082cf9a028302ed4184","hash":"8e020e93fc1763ecc32a5f8caa4252836876b6bb"}
,"E:\\androidstudio\\projects\\FirstProject\\src\\img\\message1.png": {"path":"E:\\androidstudio\\projects\\FirstProject\\src\\img\\message1.png","statementMap":{"0":{"start":{"line":1,"column":0},"end":{"line":4,"column":6}}},"fnMap":{},"branchMap":{},"s":{"0":1},"f":{},"b":{},"_coverageSchema":"43e27e138ebf9cfc5966b082cf9a028302ed4184","hash":"9e0d89fa7a6f64956f34d7c4a28d8683dbf57038"}
,"E:\\androidstudio\\projects\\FirstProject\\src\\img\\messages.png": {"path":"E:\\androidstudio\\projects\\FirstProject\\src\\img\\messages.png","statementMap":{"0":{"start":{"line":1,"column":0},"end":{"line":4,"column":6}}},"fnMap":{},"branchMap":{},"s":{"0":5},"f":{},"b":{},"_coverageSchema":"43e27e138ebf9cfc5966b082cf9a028302ed4184","hash":"13e9d736029f5463f0dd0eced6e6266edfb0a201"}
,"E:\\androidstudio\\projects\\FirstProject\\src\\img\\new.png": {"path":"E:\\androidstudio\\projects\\FirstProject\\src\\img\\new.png","statementMap":{"0":{"start":{"line":1,"column":0},"end":{"line":4,"column":6}}},"fnMap":{},"branchMap":{},"s":{"0":1},"f":{},"b":{},"_coverageSchema":"43e27e138ebf9cfc5966b082cf9a028302ed4184","hash":"a591d5d8d5b28e3a6f889441bff4e6a72ba6deeb"}
,"E:\\androidstudio\\projects\\FirstProject\\src\\img\\new2.png": {"path":"E:\\androidstudio\\projects\\FirstProject\\src\\img\\new2.png","statementMap":{"0":{"start":{"line":1,"column":0},"end":{"line":4,"column":6}}},"fnMap":{},"branchMap":{},"s":{"0":1},"f":{},"b":{},"_coverageSchema":"43e27e138ebf9cfc5966b082cf9a028302ed4184","hash":"174bf11c41a91d17824794c33e15754cb2b77414"}
,"E:\\androidstudio\\projects\\FirstProject\\src\\img\\test1.jpg": {"path":"E:\\androidstudio\\projects\\FirstProject\\src\\img\\test1.jpg","statementMap":{"0":{"start":{"line":1,"column":0},"end":{"line":4,"column":6}}},"fnMap":{},"branchMap":{},"s":{"0":1},"f":{},"b":{},"_coverageSchema":"43e27e138ebf9cfc5966b082cf9a028302ed4184","hash":"bdc6b0c80615f55824f799616fc89d2651dc052f"}
,"E:\\androidstudio\\projects\\FirstProject\\src\\img\\test2.jpg": {"path":"E:\\androidstudio\\projects\\FirstProject\\src\\img\\test2.jpg","statementMap":{"0":{"start":{"line":1,"column":0},"end":{"line":4,"column":6}}},"fnMap":{},"branchMap":{},"s":{"0":1},"f":{},"b":{},"_coverageSchema":"43e27e138ebf9cfc5966b082cf9a028302ed4184","hash":"fe42945b8f1df02bc8448ce888e6d257ce173efe"}
,"E:\\androidstudio\\projects\\FirstProject\\src\\img\\test4.png": {"path":"E:\\androidstudio\\projects\\FirstProject\\src\\img\\test4.png","statementMap":{"0":{"start":{"line":1,"column":0},"end":{"line":4,"column":6}}},"fnMap":{},"branchMap":{},"s":{"0":1},"f":{},"b":{},"_coverageSchema":"43e27e138ebf9cfc5966b082cf9a028302ed4184","hash":"4f663662dbff84c3e644d2b41cfb57b70a2c2674"}
,"E:\\androidstudio\\projects\\FirstProject\\src\\img\\未点赞.png": {"path":"E:\\androidstudio\\projects\\FirstProject\\src\\img\\未点赞.png","statementMap":{"0":{"start":{"line":1,"column":0},"end":{"line":4,"column":6}}},"fnMap":{},"branchMap":{},"s":{"0":1},"f":{},"b":{},"_coverageSchema":"43e27e138ebf9cfc5966b082cf9a028302ed4184","hash":"68d530e19b3ce74603644b8bb44e2c95de72df25"}
,"E:\\androidstudio\\projects\\FirstProject\\src\\img\\评论.png": {"path":"E:\\androidstudio\\projects\\FirstProject\\src\\img\\评论.png","statementMap":{"0":{"start":{"line":1,"column":0},"end":{"line":4,"column":6}}},"fnMap":{},"branchMap":{},"s":{"0":1},"f":{},"b":{},"_coverageSchema":"43e27e138ebf9cfc5966b082cf9a028302ed4184","hash":"6c4c8fb1e89e92de698a6e0236ec297c22e29820"}
,"E:\\androidstudio\\projects\\FirstProject\\src\\img\\head_sculpture\\5.png": {"path":"E:\\androidstudio\\projects\\FirstProject\\src\\img\\head_sculpture\\5.png","statementMap":{"0":{"start":{"line":1,"column":0},"end":{"line":4,"column":6}}},"fnMap":{},"branchMap":{},"s":{"0":1},"f":{},"b":{},"_coverageSchema":"43e27e138ebf9cfc5966b082cf9a028302ed4184","hash":"d9bced29f5f747812958e47c9a53afc521310a6a"}
,"E:\\androidstudio\\projects\\FirstProject\\src\\img\\head_sculpture\\6.png": {"path":"E:\\androidstudio\\projects\\FirstProject\\src\\img\\head_sculpture\\6.png","statementMap":{"0":{"start":{"line":1,"column":0},"end":{"line":4,"column":6}}},"fnMap":{},"branchMap":{},"s":{"0":5},"f":{},"b":{},"_coverageSchema":"43e27e138ebf9cfc5966b082cf9a028302ed4184","hash":"6d31ba1d4f62f1d3e2ced45e1d0ed45f0307f04f"}
,"E:\\androidstudio\\projects\\FirstProject\\src\\js\\Clothes.js": {"path":"E:\\androidstudio\\projects\\FirstProject\\src\\js\\Clothes.js","statementMap":{"0":{"start":{"line":15,"column":24},"end":{"line":15,"column":48}},"1":{"start":{"line":20,"column":8},"end":{"line":20,"column":21}},"2":{"start":{"line":21,"column":8},"end":{"line":24,"column":10}},"3":{"start":{"line":25,"column":8},"end":{"line":25,"column":67}},"4":{"start":{"line":29,"column":12},"end":{"line":29,"column":16}},"5":{"start":{"line":30,"column":6},"end":{"line":44,"column":7}},"6":{"start":{"line":34,"column":31},"end":{"line":34,"column":76}},"7":{"start":{"line":35,"column":39},"end":{"line":35,"column":93}},"8":{"start":{"line":38,"column":17},"end":{"line":38,"column":60}},"9":{"start":{"line":39,"column":17},"end":{"line":39,"column":49}},"10":{"start":{"line":40,"column":17},"end":{"line":40,"column":74}},"11":{"start":{"line":48,"column":20},"end":{"line":68,"column":28}},"12":{"start":{"line":50,"column":63},"end":{"line":50,"column":76}},"13":{"start":{"line":61,"column":64},"end":{"line":61,"column":77}},"14":{"start":{"line":64,"column":64},"end":{"line":64,"column":77}},"15":{"start":{"line":69,"column":8},"end":{"line":132,"column":10}},"16":{"start":{"line":83,"column":58},"end":{"line":83,"column":88}},"17":{"start":{"line":88,"column":67},"end":{"line":88,"column":97}},"18":{"start":{"line":112,"column":49},"end":{"line":112,"column":56}},"19":{"start":{"line":117,"column":52},"end":{"line":117,"column":65}},"20":{"start":{"line":135,"column":8},"end":{"line":147,"column":10}},"21":{"start":{"line":139,"column":57},"end":{"line":139,"column":68}},"22":{"start":{"line":142,"column":57},"end":{"line":142,"column":68}},"23":{"start":{"line":152,"column":15},"end":{"line":239,"column":2}}},"fnMap":{"0":{"name":"(anonymous_0)","decl":{"start":{"line":19,"column":4},"end":{"line":19,"column":5}},"loc":{"start":{"line":19,"column":23},"end":{"line":26,"column":5}},"line":19},"1":{"name":"(anonymous_1)","decl":{"start":{"line":28,"column":0},"end":{"line":28,"column":1}},"loc":{"start":{"line":28,"column":79},"end":{"line":45,"column":3}},"line":28},"2":{"name":"(anonymous_2)","decl":{"start":{"line":34,"column":26},"end":{"line":34,"column":27}},"loc":{"start":{"line":34,"column":31},"end":{"line":34,"column":76}},"line":34},"3":{"name":"(anonymous_3)","decl":{"start":{"line":35,"column":34},"end":{"line":35,"column":35}},"loc":{"start":{"line":35,"column":39},"end":{"line":35,"column":93}},"line":35},"4":{"name":"(anonymous_4)","decl":{"start":{"line":37,"column":23},"end":{"line":37,"column":24}},"loc":{"start":{"line":37,"column":28},"end":{"line":40,"column":76}},"line":37},"5":{"name":"(anonymous_5)","decl":{"start":{"line":47,"column":4},"end":{"line":47,"column":5}},"loc":{"start":{"line":47,"column":13},"end":{"line":133,"column":5}},"line":47},"6":{"name":"(anonymous_6)","decl":{"start":{"line":50,"column":57},"end":{"line":50,"column":58}},"loc":{"start":{"line":50,"column":63},"end":{"line":50,"column":76}},"line":50},"7":{"name":"(anonymous_7)","decl":{"start":{"line":61,"column":58},"end":{"line":61,"column":59}},"loc":{"start":{"line":61,"column":64},"end":{"line":61,"column":77}},"line":61},"8":{"name":"(anonymous_8)","decl":{"start":{"line":64,"column":58},"end":{"line":64,"column":59}},"loc":{"start":{"line":64,"column":64},"end":{"line":64,"column":77}},"line":64},"9":{"name":"(anonymous_9)","decl":{"start":{"line":83,"column":51},"end":{"line":83,"column":52}},"loc":{"start":{"line":83,"column":57},"end":{"line":83,"column":89}},"line":83},"10":{"name":"(anonymous_10)","decl":{"start":{"line":88,"column":60},"end":{"line":88,"column":61}},"loc":{"start":{"line":88,"column":66},"end":{"line":88,"column":98}},"line":88},"11":{"name":"(anonymous_11)","decl":{"start":{"line":112,"column":41},"end":{"line":112,"column":42}},"loc":{"start":{"line":112,"column":49},"end":{"line":112,"column":56}},"line":112},"12":{"name":"(anonymous_12)","decl":{"start":{"line":117,"column":46},"end":{"line":117,"column":47}},"loc":{"start":{"line":117,"column":52},"end":{"line":117,"column":65}},"line":117},"13":{"name":"(anonymous_13)","decl":{"start":{"line":134,"column":6},"end":{"line":134,"column":7}},"loc":{"start":{"line":134,"column":28},"end":{"line":148,"column":7}},"line":134},"14":{"name":"(anonymous_14)","decl":{"start":{"line":139,"column":51},"end":{"line":139,"column":52}},"loc":{"start":{"line":139,"column":57},"end":{"line":139,"column":68}},"line":139},"15":{"name":"(anonymous_15)","decl":{"start":{"line":142,"column":51},"end":{"line":142,"column":52}},"loc":{"start":{"line":142,"column":57},"end":{"line":142,"column":68}},"line":142}},"branchMap":{},"s":{"0":1,"1":1,"2":1,"3":1,"4":5,"5":5,"6":4,"7":1,"8":0,"9":0,"10":0,"11":1,"12":0,"13":0,"14":0,"15":1,"16":0,"17":0,"18":12,"19":0,"20":10,"21":0,"22":0,"23":1},"f":{"0":1,"1":5,"2":4,"3":1,"4":0,"5":1,"6":0,"7":0,"8":0,"9":0,"10":0,"11":12,"12":0,"13":10,"14":0,"15":0},"b":{},"_coverageSchema":"43e27e138ebf9cfc5966b082cf9a028302ed4184","hash":"5374c272e29addcaffb0619753a094cb000c22ae"}
,"E:\\androidstudio\\projects\\FirstProject\\src\\js\\Friend.js": {"path":"E:\\androidstudio\\projects\\FirstProject\\src\\js\\Friend.js","statementMap":{"0":{"start":{"line":15,"column":24},"end":{"line":15,"column":48}},"1":{"start":{"line":20,"column":8},"end":{"line":20,"column":21}},"2":{"start":{"line":21,"column":8},"end":{"line":24,"column":10}},"3":{"start":{"line":25,"column":8},"end":{"line":25,"column":67}},"4":{"start":{"line":29,"column":9},"end":{"line":29,"column":13}},"5":{"start":{"line":30,"column":6},"end":{"line":46,"column":7}},"6":{"start":{"line":34,"column":31},"end":{"line":34,"column":76}},"7":{"start":{"line":35,"column":39},"end":{"line":35,"column":93}},"8":{"start":{"line":38,"column":14},"end":{"line":38,"column":58}},"9":{"start":{"line":39,"column":14},"end":{"line":39,"column":46}},"10":{"start":{"line":40,"column":14},"end":{"line":40,"column":71}},"11":{"start":{"line":52,"column":20},"end":{"line":72,"column":28}},"12":{"start":{"line":54,"column":63},"end":{"line":54,"column":76}},"13":{"start":{"line":65,"column":64},"end":{"line":65,"column":77}},"14":{"start":{"line":68,"column":64},"end":{"line":68,"column":77}},"15":{"start":{"line":73,"column":8},"end":{"line":131,"column":10}},"16":{"start":{"line":87,"column":58},"end":{"line":87,"column":88}},"17":{"start":{"line":93,"column":46},"end":{"line":93,"column":76}},"18":{"start":{"line":118,"column":49},"end":{"line":118,"column":56}},"19":{"start":{"line":136,"column":8},"end":{"line":147,"column":10}},"20":{"start":{"line":152,"column":15},"end":{"line":231,"column":2}}},"fnMap":{"0":{"name":"(anonymous_0)","decl":{"start":{"line":19,"column":4},"end":{"line":19,"column":5}},"loc":{"start":{"line":19,"column":23},"end":{"line":26,"column":5}},"line":19},"1":{"name":"(anonymous_1)","decl":{"start":{"line":28,"column":0},"end":{"line":28,"column":1}},"loc":{"start":{"line":28,"column":79},"end":{"line":47,"column":3}},"line":28},"2":{"name":"(anonymous_2)","decl":{"start":{"line":34,"column":26},"end":{"line":34,"column":27}},"loc":{"start":{"line":34,"column":31},"end":{"line":34,"column":76}},"line":34},"3":{"name":"(anonymous_3)","decl":{"start":{"line":35,"column":34},"end":{"line":35,"column":35}},"loc":{"start":{"line":35,"column":39},"end":{"line":35,"column":93}},"line":35},"4":{"name":"(anonymous_4)","decl":{"start":{"line":37,"column":23},"end":{"line":37,"column":24}},"loc":{"start":{"line":37,"column":28},"end":{"line":42,"column":15}},"line":37},"5":{"name":"(anonymous_5)","decl":{"start":{"line":49,"column":4},"end":{"line":49,"column":5}},"loc":{"start":{"line":49,"column":13},"end":{"line":132,"column":5}},"line":49},"6":{"name":"(anonymous_6)","decl":{"start":{"line":54,"column":57},"end":{"line":54,"column":58}},"loc":{"start":{"line":54,"column":63},"end":{"line":54,"column":76}},"line":54},"7":{"name":"(anonymous_7)","decl":{"start":{"line":65,"column":58},"end":{"line":65,"column":59}},"loc":{"start":{"line":65,"column":64},"end":{"line":65,"column":77}},"line":65},"8":{"name":"(anonymous_8)","decl":{"start":{"line":68,"column":58},"end":{"line":68,"column":59}},"loc":{"start":{"line":68,"column":64},"end":{"line":68,"column":77}},"line":68},"9":{"name":"(anonymous_9)","decl":{"start":{"line":87,"column":51},"end":{"line":87,"column":52}},"loc":{"start":{"line":87,"column":57},"end":{"line":87,"column":89}},"line":87},"10":{"name":"(anonymous_10)","decl":{"start":{"line":93,"column":39},"end":{"line":93,"column":40}},"loc":{"start":{"line":93,"column":45},"end":{"line":93,"column":77}},"line":93},"11":{"name":"(anonymous_11)","decl":{"start":{"line":118,"column":41},"end":{"line":118,"column":42}},"loc":{"start":{"line":118,"column":49},"end":{"line":118,"column":56}},"line":118},"12":{"name":"(anonymous_12)","decl":{"start":{"line":133,"column":6},"end":{"line":133,"column":7}},"loc":{"start":{"line":133,"column":28},"end":{"line":148,"column":7}},"line":133}},"branchMap":{},"s":{"0":1,"1":1,"2":1,"3":1,"4":5,"5":5,"6":4,"7":1,"8":0,"9":0,"10":0,"11":1,"12":0,"13":0,"14":0,"15":1,"16":0,"17":0,"18":12,"19":10,"20":1},"f":{"0":1,"1":5,"2":4,"3":1,"4":0,"5":1,"6":0,"7":0,"8":0,"9":0,"10":0,"11":12,"12":10},"b":{},"_coverageSchema":"43e27e138ebf9cfc5966b082cf9a028302ed4184","hash":"dd569eccd1ad53c7d3a25c12ce110fecffa575af"}
,"E:\\androidstudio\\projects\\FirstProject\\src\\js\\Main.js": {"path":"E:\\androidstudio\\projects\\FirstProject\\src\\js\\Main.js","statementMap":{"0":{"start":{"line":17,"column":24},"end":{"line":17,"column":48}},"1":{"start":{"line":22,"column":8},"end":{"line":22,"column":21}},"2":{"start":{"line":23,"column":8},"end":{"line":26,"column":10}},"3":{"start":{"line":27,"column":8},"end":{"line":27,"column":67}},"4":{"start":{"line":31,"column":12},"end":{"line":31,"column":16}},"5":{"start":{"line":32,"column":6},"end":{"line":46,"column":7}},"6":{"start":{"line":36,"column":31},"end":{"line":36,"column":76}},"7":{"start":{"line":37,"column":39},"end":{"line":37,"column":93}},"8":{"start":{"line":40,"column":16},"end":{"line":40,"column":55}},"9":{"start":{"line":41,"column":16},"end":{"line":41,"column":48}},"10":{"start":{"line":42,"column":16},"end":{"line":42,"column":73}},"11":{"start":{"line":50,"column":20},"end":{"line":67,"column":28}},"12":{"start":{"line":52,"column":63},"end":{"line":52,"column":76}},"13":{"start":{"line":60,"column":64},"end":{"line":60,"column":77}},"14":{"start":{"line":63,"column":64},"end":{"line":63,"column":77}},"15":{"start":{"line":69,"column":8},"end":{"line":125,"column":10}},"16":{"start":{"line":83,"column":63},"end":{"line":83,"column":93}},"17":{"start":{"line":86,"column":71},"end":{"line":86,"column":101}},"18":{"start":{"line":110,"column":49},"end":{"line":110,"column":56}},"19":{"start":{"line":128,"column":8},"end":{"line":146,"column":10}},"20":{"start":{"line":151,"column":15},"end":{"line":268,"column":2}}},"fnMap":{"0":{"name":"(anonymous_0)","decl":{"start":{"line":21,"column":4},"end":{"line":21,"column":5}},"loc":{"start":{"line":21,"column":23},"end":{"line":28,"column":5}},"line":21},"1":{"name":"(anonymous_1)","decl":{"start":{"line":30,"column":0},"end":{"line":30,"column":1}},"loc":{"start":{"line":30,"column":79},"end":{"line":47,"column":3}},"line":30},"2":{"name":"(anonymous_2)","decl":{"start":{"line":36,"column":26},"end":{"line":36,"column":27}},"loc":{"start":{"line":36,"column":31},"end":{"line":36,"column":76}},"line":36},"3":{"name":"(anonymous_3)","decl":{"start":{"line":37,"column":34},"end":{"line":37,"column":35}},"loc":{"start":{"line":37,"column":39},"end":{"line":37,"column":93}},"line":37},"4":{"name":"(anonymous_4)","decl":{"start":{"line":39,"column":23},"end":{"line":39,"column":24}},"loc":{"start":{"line":39,"column":28},"end":{"line":42,"column":74}},"line":39},"5":{"name":"(anonymous_5)","decl":{"start":{"line":49,"column":4},"end":{"line":49,"column":5}},"loc":{"start":{"line":49,"column":13},"end":{"line":126,"column":5}},"line":49},"6":{"name":"(anonymous_6)","decl":{"start":{"line":52,"column":57},"end":{"line":52,"column":58}},"loc":{"start":{"line":52,"column":63},"end":{"line":52,"column":76}},"line":52},"7":{"name":"(anonymous_7)","decl":{"start":{"line":60,"column":58},"end":{"line":60,"column":59}},"loc":{"start":{"line":60,"column":64},"end":{"line":60,"column":77}},"line":60},"8":{"name":"(anonymous_8)","decl":{"start":{"line":63,"column":58},"end":{"line":63,"column":59}},"loc":{"start":{"line":63,"column":64},"end":{"line":63,"column":77}},"line":63},"9":{"name":"(anonymous_9)","decl":{"start":{"line":83,"column":56},"end":{"line":83,"column":57}},"loc":{"start":{"line":83,"column":62},"end":{"line":83,"column":94}},"line":83},"10":{"name":"(anonymous_10)","decl":{"start":{"line":86,"column":64},"end":{"line":86,"column":65}},"loc":{"start":{"line":86,"column":70},"end":{"line":86,"column":102}},"line":86},"11":{"name":"(anonymous_11)","decl":{"start":{"line":110,"column":41},"end":{"line":110,"column":42}},"loc":{"start":{"line":110,"column":49},"end":{"line":110,"column":56}},"line":110},"12":{"name":"(anonymous_12)","decl":{"start":{"line":127,"column":6},"end":{"line":127,"column":7}},"loc":{"start":{"line":127,"column":28},"end":{"line":147,"column":7}},"line":127}},"branchMap":{},"s":{"0":1,"1":1,"2":1,"3":1,"4":5,"5":5,"6":4,"7":1,"8":0,"9":0,"10":0,"11":1,"12":0,"13":0,"14":0,"15":1,"16":0,"17":0,"18":12,"19":10,"20":1},"f":{"0":1,"1":5,"2":4,"3":1,"4":0,"5":1,"6":0,"7":0,"8":0,"9":0,"10":0,"11":12,"12":10},"b":{},"_coverageSchema":"43e27e138ebf9cfc5966b082cf9a028302ed4184","hash":"0d1f4500b0b1bd924d28b6436ee62cee3bd684f2"}
,"E:\\androidstudio\\projects\\FirstProject\\src\\js\\Match.js": {"path":"E:\\androidstudio\\projects\\FirstProject\\src\\js\\Match.js","statementMap":{"0":{"start":{"line":16,"column":24},"end":{"line":16,"column":48}},"1":{"start":{"line":21,"column":8},"end":{"line":21,"column":21}},"2":{"start":{"line":22,"column":8},"end":{"line":25,"column":10}},"3":{"start":{"line":26,"column":8},"end":{"line":26,"column":67}},"4":{"start":{"line":30,"column":14},"end":{"line":30,"column":18}},"5":{"start":{"line":31,"column":8},"end":{"line":45,"column":7}},"6":{"start":{"line":35,"column":31},"end":{"line":35,"column":76}},"7":{"start":{"line":36,"column":39},"end":{"line":36,"column":93}},"8":{"start":{"line":39,"column":20},"end":{"line":39,"column":61}},"9":{"start":{"line":40,"column":20},"end":{"line":40,"column":52}},"10":{"start":{"line":41,"column":20},"end":{"line":41,"column":77}},"11":{"start":{"line":50,"column":20},"end":{"line":70,"column":28}},"12":{"start":{"line":52,"column":63},"end":{"line":52,"column":76}},"13":{"start":{"line":63,"column":64},"end":{"line":63,"column":77}},"14":{"start":{"line":66,"column":64},"end":{"line":66,"column":77}},"15":{"start":{"line":71,"column":8},"end":{"line":125,"column":10}},"16":{"start":{"line":85,"column":62},"end":{"line":85,"column":92}},"17":{"start":{"line":90,"column":71},"end":{"line":90,"column":101}},"18":{"start":{"line":101,"column":58},"end":{"line":101,"column":72}},"19":{"start":{"line":106,"column":51},"end":{"line":106,"column":65}},"20":{"start":{"line":107,"column":35},"end":{"line":107,"column":100}},"21":{"start":{"line":131,"column":15},"end":{"line":243,"column":2}}},"fnMap":{"0":{"name":"(anonymous_0)","decl":{"start":{"line":20,"column":4},"end":{"line":20,"column":5}},"loc":{"start":{"line":20,"column":23},"end":{"line":27,"column":5}},"line":20},"1":{"name":"(anonymous_1)","decl":{"start":{"line":29,"column":4},"end":{"line":29,"column":5}},"loc":{"start":{"line":29,"column":83},"end":{"line":46,"column":3}},"line":29},"2":{"name":"(anonymous_2)","decl":{"start":{"line":35,"column":26},"end":{"line":35,"column":27}},"loc":{"start":{"line":35,"column":31},"end":{"line":35,"column":76}},"line":35},"3":{"name":"(anonymous_3)","decl":{"start":{"line":36,"column":34},"end":{"line":36,"column":35}},"loc":{"start":{"line":36,"column":39},"end":{"line":36,"column":93}},"line":36},"4":{"name":"(anonymous_4)","decl":{"start":{"line":38,"column":23},"end":{"line":38,"column":24}},"loc":{"start":{"line":38,"column":28},"end":{"line":41,"column":78}},"line":38},"5":{"name":"(anonymous_5)","decl":{"start":{"line":48,"column":4},"end":{"line":48,"column":5}},"loc":{"start":{"line":48,"column":13},"end":{"line":126,"column":5}},"line":48},"6":{"name":"(anonymous_6)","decl":{"start":{"line":52,"column":57},"end":{"line":52,"column":58}},"loc":{"start":{"line":52,"column":63},"end":{"line":52,"column":76}},"line":52},"7":{"name":"(anonymous_7)","decl":{"start":{"line":63,"column":58},"end":{"line":63,"column":59}},"loc":{"start":{"line":63,"column":64},"end":{"line":63,"column":77}},"line":63},"8":{"name":"(anonymous_8)","decl":{"start":{"line":66,"column":58},"end":{"line":66,"column":59}},"loc":{"start":{"line":66,"column":64},"end":{"line":66,"column":77}},"line":66},"9":{"name":"(anonymous_9)","decl":{"start":{"line":85,"column":55},"end":{"line":85,"column":56}},"loc":{"start":{"line":85,"column":61},"end":{"line":85,"column":93}},"line":85},"10":{"name":"(anonymous_10)","decl":{"start":{"line":90,"column":64},"end":{"line":90,"column":65}},"loc":{"start":{"line":90,"column":70},"end":{"line":90,"column":102}},"line":90},"11":{"name":"(anonymous_11)","decl":{"start":{"line":101,"column":51},"end":{"line":101,"column":52}},"loc":{"start":{"line":101,"column":57},"end":{"line":101,"column":73}},"line":101},"12":{"name":"(anonymous_12)","decl":{"start":{"line":106,"column":44},"end":{"line":106,"column":45}},"loc":{"start":{"line":106,"column":50},"end":{"line":107,"column":101}},"line":106}},"branchMap":{},"s":{"0":1,"1":1,"2":1,"3":1,"4":5,"5":5,"6":4,"7":1,"8":0,"9":0,"10":0,"11":1,"12":0,"13":0,"14":0,"15":1,"16":0,"17":0,"18":0,"19":0,"20":0,"21":1},"f":{"0":1,"1":5,"2":4,"3":1,"4":0,"5":1,"6":0,"7":0,"8":0,"9":0,"10":0,"11":0,"12":0},"b":{},"_coverageSchema":"43e27e138ebf9cfc5966b082cf9a028302ed4184","hash":"717d505bac0f7cc2480668d71dcafe5544be5c9f"}
,"E:\\androidstudio\\projects\\FirstProject\\src\\js\\Message.js": {"path":"E:\\androidstudio\\projects\\FirstProject\\src\\js\\Message.js","statementMap":{"0":{"start":{"line":15,"column":24},"end":{"line":15,"column":48}},"1":{"start":{"line":20,"column":8},"end":{"line":20,"column":21}},"2":{"start":{"line":21,"column":8},"end":{"line":24,"column":10}},"3":{"start":{"line":25,"column":8},"end":{"line":25,"column":67}},"4":{"start":{"line":29,"column":9},"end":{"line":29,"column":13}},"5":{"start":{"line":30,"column":6},"end":{"line":47,"column":7}},"6":{"start":{"line":34,"column":31},"end":{"line":34,"column":76}},"7":{"start":{"line":35,"column":39},"end":{"line":35,"column":93}},"8":{"start":{"line":38,"column":14},"end":{"line":38,"column":53}},"9":{"start":{"line":39,"column":14},"end":{"line":39,"column":46}},"10":{"start":{"line":40,"column":14},"end":{"line":40,"column":71}},"11":{"start":{"line":52,"column":20},"end":{"line":72,"column":28}},"12":{"start":{"line":54,"column":63},"end":{"line":54,"column":76}},"13":{"start":{"line":65,"column":64},"end":{"line":65,"column":77}},"14":{"start":{"line":68,"column":64},"end":{"line":68,"column":77}},"15":{"start":{"line":73,"column":8},"end":{"line":131,"column":10}},"16":{"start":{"line":87,"column":58},"end":{"line":87,"column":88}},"17":{"start":{"line":93,"column":46},"end":{"line":93,"column":76}},"18":{"start":{"line":118,"column":49},"end":{"line":118,"column":56}},"19":{"start":{"line":136,"column":8},"end":{"line":147,"column":10}},"20":{"start":{"line":152,"column":15},"end":{"line":231,"column":2}}},"fnMap":{"0":{"name":"(anonymous_0)","decl":{"start":{"line":19,"column":4},"end":{"line":19,"column":5}},"loc":{"start":{"line":19,"column":23},"end":{"line":26,"column":5}},"line":19},"1":{"name":"(anonymous_1)","decl":{"start":{"line":28,"column":0},"end":{"line":28,"column":1}},"loc":{"start":{"line":28,"column":79},"end":{"line":48,"column":3}},"line":28},"2":{"name":"(anonymous_2)","decl":{"start":{"line":34,"column":26},"end":{"line":34,"column":27}},"loc":{"start":{"line":34,"column":31},"end":{"line":34,"column":76}},"line":34},"3":{"name":"(anonymous_3)","decl":{"start":{"line":35,"column":34},"end":{"line":35,"column":35}},"loc":{"start":{"line":35,"column":39},"end":{"line":35,"column":93}},"line":35},"4":{"name":"(anonymous_4)","decl":{"start":{"line":37,"column":23},"end":{"line":37,"column":24}},"loc":{"start":{"line":37,"column":28},"end":{"line":43,"column":15}},"line":37},"5":{"name":"(anonymous_5)","decl":{"start":{"line":50,"column":4},"end":{"line":50,"column":5}},"loc":{"start":{"line":50,"column":13},"end":{"line":132,"column":5}},"line":50},"6":{"name":"(anonymous_6)","decl":{"start":{"line":54,"column":57},"end":{"line":54,"column":58}},"loc":{"start":{"line":54,"column":63},"end":{"line":54,"column":76}},"line":54},"7":{"name":"(anonymous_7)","decl":{"start":{"line":65,"column":58},"end":{"line":65,"column":59}},"loc":{"start":{"line":65,"column":64},"end":{"line":65,"column":77}},"line":65},"8":{"name":"(anonymous_8)","decl":{"start":{"line":68,"column":58},"end":{"line":68,"column":59}},"loc":{"start":{"line":68,"column":64},"end":{"line":68,"column":77}},"line":68},"9":{"name":"(anonymous_9)","decl":{"start":{"line":87,"column":51},"end":{"line":87,"column":52}},"loc":{"start":{"line":87,"column":57},"end":{"line":87,"column":89}},"line":87},"10":{"name":"(anonymous_10)","decl":{"start":{"line":93,"column":39},"end":{"line":93,"column":40}},"loc":{"start":{"line":93,"column":45},"end":{"line":93,"column":77}},"line":93},"11":{"name":"(anonymous_11)","decl":{"start":{"line":118,"column":41},"end":{"line":118,"column":42}},"loc":{"start":{"line":118,"column":49},"end":{"line":118,"column":56}},"line":118},"12":{"name":"(anonymous_12)","decl":{"start":{"line":133,"column":6},"end":{"line":133,"column":7}},"loc":{"start":{"line":133,"column":28},"end":{"line":148,"column":7}},"line":133}},"branchMap":{},"s":{"0":1,"1":1,"2":1,"3":1,"4":5,"5":5,"6":4,"7":1,"8":0,"9":0,"10":0,"11":1,"12":0,"13":0,"14":0,"15":1,"16":0,"17":0,"18":12,"19":10,"20":1},"f":{"0":1,"1":5,"2":4,"3":1,"4":0,"5":1,"6":0,"7":0,"8":0,"9":0,"10":0,"11":12,"12":10},"b":{},"_coverageSchema":"43e27e138ebf9cfc5966b082cf9a028302ed4184","hash":"36eb6fab2b820aa04e4a1acb7cf99207f9c7e309"}
}
