TN:
SF:E:\androidstudio\projects\FirstProject\src\img\7.png
FNF:0
FNH:0
DA:1,1
LF:1
LH:1
BRF:0
BRH:0
end_of_record
TN:
SF:E:\androidstudio\projects\FirstProject\src\img\background.jpg
FNF:0
FNH:0
DA:1,1
LF:1
LH:1
BRF:0
BRH:0
end_of_record
TN:
SF:E:\androidstudio\projects\FirstProject\src\img\background2.jpg
FNF:0
FNH:0
DA:1,1
LF:1
LH:1
BRF:0
BRH:0
end_of_record
TN:
SF:E:\androidstudio\projects\FirstProject\src\img\clothes.png
FNF:0
FNH:0
DA:1,5
LF:1
LH:1
BRF:0
BRH:0
end_of_record
TN:
SF:E:\androidstudio\projects\FirstProject\src\img\clothes1.png
FNF:0
FNH:0
DA:1,5
LF:1
LH:1
BRF:0
BRH:0
end_of_record
TN:
SF:E:\androidstudio\projects\FirstProject\src\img\delete.png
FNF:0
FNH:0
DA:1,1
LF:1
LH:1
BRF:0
BRH:0
end_of_record
TN:
SF:E:\androidstudio\projects\FirstProject\src\img\friend.png
FNF:0
FNH:0
DA:1,5
LF:1
LH:1
BRF:0
BRH:0
end_of_record
TN:
SF:E:\androidstudio\projects\FirstProject\src\img\friends.png
FNF:0
FNH:0
DA:1,5
LF:1
LH:1
BRF:0
BRH:0
end_of_record
TN:
SF:E:\androidstudio\projects\FirstProject\src\img\like1.png
FNF:0
FNH:0
DA:1,1
LF:1
LH:1
BRF:0
BRH:0
end_of_record
TN:
SF:E:\androidstudio\projects\FirstProject\src\img\main.png
FNF:0
FNH:0
DA:1,5
LF:1
LH:1
BRF:0
BRH:0
end_of_record
TN:
SF:E:\androidstudio\projects\FirstProject\src\img\mains.png
FNF:0
FNH:0
DA:1,5
LF:1
LH:1
BRF:0
BRH:0
end_of_record
TN:
SF:E:\androidstudio\projects\FirstProject\src\img\match1.png
FNF:0
FNH:0
DA:1,5
LF:1
LH:1
BRF:0
BRH:0
end_of_record
TN:
SF:E:\androidstudio\projects\FirstProject\src\img\match2.png
FNF:0
FNH:0
DA:1,5
LF:1
LH:1
BRF:0
BRH:0
end_of_record
TN:
SF:E:\androidstudio\projects\FirstProject\src\img\message.png
FNF:0
FNH:0
DA:1,5
LF:1
LH:1
BRF:0
BRH:0
end_of_record
TN:
SF:E:\androidstudio\projects\FirstProject\src\img\message1.png
FNF:0
FNH:0
DA:1,1
LF:1
LH:1
BRF:0
BRH:0
end_of_record
TN:
SF:E:\androidstudio\projects\FirstProject\src\img\messages.png
FNF:0
FNH:0
DA:1,5
LF:1
LH:1
BRF:0
BRH:0
end_of_record
TN:
SF:E:\androidstudio\projects\FirstProject\src\img\new.png
FNF:0
FNH:0
DA:1,1
LF:1
LH:1
BRF:0
BRH:0
end_of_record
TN:
SF:E:\androidstudio\projects\FirstProject\src\img\new2.png
FNF:0
FNH:0
DA:1,1
LF:1
LH:1
BRF:0
BRH:0
end_of_record
TN:
SF:E:\androidstudio\projects\FirstProject\src\img\test1.jpg
FNF:0
FNH:0
DA:1,1
LF:1
LH:1
BRF:0
BRH:0
end_of_record
TN:
SF:E:\androidstudio\projects\FirstProject\src\img\test2.jpg
FNF:0
FNH:0
DA:1,1
LF:1
LH:1
BRF:0
BRH:0
end_of_record
TN:
SF:E:\androidstudio\projects\FirstProject\src\img\test4.png
FNF:0
FNH:0
DA:1,1
LF:1
LH:1
BRF:0
BRH:0
end_of_record
TN:
SF:E:\androidstudio\projects\FirstProject\src\img\未点赞.png
FNF:0
FNH:0
DA:1,1
LF:1
LH:1
BRF:0
BRH:0
end_of_record
TN:
SF:E:\androidstudio\projects\FirstProject\src\img\评论.png
FNF:0
FNH:0
DA:1,1
LF:1
LH:1
BRF:0
BRH:0
end_of_record
TN:
SF:E:\androidstudio\projects\FirstProject\src\img\head_sculpture\5.png
FNF:0
FNH:0
DA:1,1
LF:1
LH:1
BRF:0
BRH:0
end_of_record
TN:
SF:E:\androidstudio\projects\FirstProject\src\img\head_sculpture\6.png
FNF:0
FNH:0
DA:1,5
LF:1
LH:1
BRF:0
BRH:0
end_of_record
TN:
SF:E:\androidstudio\projects\FirstProject\src\js\Clothes.js
FN:19,(anonymous_0)
FN:28,(anonymous_1)
FN:34,(anonymous_2)
FN:35,(anonymous_3)
FN:37,(anonymous_4)
FN:47,(anonymous_5)
FN:50,(anonymous_6)
FN:61,(anonymous_7)
FN:64,(anonymous_8)
FN:83,(anonymous_9)
FN:88,(anonymous_10)
FN:112,(anonymous_11)
FN:117,(anonymous_12)
FN:134,(anonymous_13)
FN:139,(anonymous_14)
FN:142,(anonymous_15)
FNF:16
FNH:7
FNDA:1,(anonymous_0)
FNDA:5,(anonymous_1)
FNDA:4,(anonymous_2)
FNDA:1,(anonymous_3)
FNDA:0,(anonymous_4)
FNDA:1,(anonymous_5)
FNDA:0,(anonymous_6)
FNDA:0,(anonymous_7)
FNDA:0,(anonymous_8)
FNDA:0,(anonymous_9)
FNDA:0,(anonymous_10)
FNDA:12,(anonymous_11)
FNDA:0,(anonymous_12)
FNDA:10,(anonymous_13)
FNDA:0,(anonymous_14)
FNDA:0,(anonymous_15)
DA:15,1
DA:20,1
DA:21,1
DA:25,1
DA:29,5
DA:30,5
DA:34,4
DA:35,1
DA:38,0
DA:39,0
DA:40,0
DA:48,1
DA:50,0
DA:61,0
DA:64,0
DA:69,1
DA:83,0
DA:88,0
DA:112,12
DA:117,0
DA:135,10
DA:139,0
DA:142,0
DA:152,1
LF:24
LH:13
BRF:0
BRH:0
end_of_record
TN:
SF:E:\androidstudio\projects\FirstProject\src\js\Friend.js
FN:19,(anonymous_0)
FN:28,(anonymous_1)
FN:34,(anonymous_2)
FN:35,(anonymous_3)
FN:37,(anonymous_4)
FN:49,(anonymous_5)
FN:54,(anonymous_6)
FN:65,(anonymous_7)
FN:68,(anonymous_8)
FN:87,(anonymous_9)
FN:93,(anonymous_10)
FN:118,(anonymous_11)
FN:133,(anonymous_12)
FNF:13
FNH:7
FNDA:1,(anonymous_0)
FNDA:5,(anonymous_1)
FNDA:4,(anonymous_2)
FNDA:1,(anonymous_3)
FNDA:0,(anonymous_4)
FNDA:1,(anonymous_5)
FNDA:0,(anonymous_6)
FNDA:0,(anonymous_7)
FNDA:0,(anonymous_8)
FNDA:0,(anonymous_9)
FNDA:0,(anonymous_10)
FNDA:12,(anonymous_11)
FNDA:10,(anonymous_12)
DA:15,1
DA:20,1
DA:21,1
DA:25,1
DA:29,5
DA:30,5
DA:34,4
DA:35,1
DA:38,0
DA:39,0
DA:40,0
DA:52,1
DA:54,0
DA:65,0
DA:68,0
DA:73,1
DA:87,0
DA:93,0
DA:118,12
DA:136,10
DA:152,1
LF:21
LH:13
BRF:0
BRH:0
end_of_record
TN:
SF:E:\androidstudio\projects\FirstProject\src\js\Main.js
FN:21,(anonymous_0)
FN:30,(anonymous_1)
FN:36,(anonymous_2)
FN:37,(anonymous_3)
FN:39,(anonymous_4)
FN:49,(anonymous_5)
FN:52,(anonymous_6)
FN:60,(anonymous_7)
FN:63,(anonymous_8)
FN:83,(anonymous_9)
FN:86,(anonymous_10)
FN:110,(anonymous_11)
FN:127,(anonymous_12)
FNF:13
FNH:7
FNDA:1,(anonymous_0)
FNDA:5,(anonymous_1)
FNDA:4,(anonymous_2)
FNDA:1,(anonymous_3)
FNDA:0,(anonymous_4)
FNDA:1,(anonymous_5)
FNDA:0,(anonymous_6)
FNDA:0,(anonymous_7)
FNDA:0,(anonymous_8)
FNDA:0,(anonymous_9)
FNDA:0,(anonymous_10)
FNDA:12,(anonymous_11)
FNDA:10,(anonymous_12)
DA:17,1
DA:22,1
DA:23,1
DA:27,1
DA:31,5
DA:32,5
DA:36,4
DA:37,1
DA:40,0
DA:41,0
DA:42,0
DA:50,1
DA:52,0
DA:60,0
DA:63,0
DA:69,1
DA:83,0
DA:86,0
DA:110,12
DA:128,10
DA:151,1
LF:21
LH:13
BRF:0
BRH:0
end_of_record
TN:
SF:E:\androidstudio\projects\FirstProject\src\js\Match.js
FN:20,(anonymous_0)
FN:29,(anonymous_1)
FN:35,(anonymous_2)
FN:36,(anonymous_3)
FN:38,(anonymous_4)
FN:48,(anonymous_5)
FN:52,(anonymous_6)
FN:63,(anonymous_7)
FN:66,(anonymous_8)
FN:85,(anonymous_9)
FN:90,(anonymous_10)
FN:101,(anonymous_11)
FN:106,(anonymous_12)
FNF:13
FNH:5
FNDA:1,(anonymous_0)
FNDA:5,(anonymous_1)
FNDA:4,(anonymous_2)
FNDA:1,(anonymous_3)
FNDA:0,(anonymous_4)
FNDA:1,(anonymous_5)
FNDA:0,(anonymous_6)
FNDA:0,(anonymous_7)
FNDA:0,(anonymous_8)
FNDA:0,(anonymous_9)
FNDA:0,(anonymous_10)
FNDA:0,(anonymous_11)
FNDA:0,(anonymous_12)
DA:16,1
DA:21,1
DA:22,1
DA:26,1
DA:30,5
DA:31,5
DA:35,4
DA:36,1
DA:39,0
DA:40,0
DA:41,0
DA:50,1
DA:52,0
DA:63,0
DA:66,0
DA:71,1
DA:85,0
DA:90,0
DA:101,0
DA:106,0
DA:107,0
DA:131,1
LF:22
LH:11
BRF:0
BRH:0
end_of_record
TN:
SF:E:\androidstudio\projects\FirstProject\src\js\Message.js
FN:19,(anonymous_0)
FN:28,(anonymous_1)
FN:34,(anonymous_2)
FN:35,(anonymous_3)
FN:37,(anonymous_4)
FN:50,(anonymous_5)
FN:54,(anonymous_6)
FN:65,(anonymous_7)
FN:68,(anonymous_8)
FN:87,(anonymous_9)
FN:93,(anonymous_10)
FN:118,(anonymous_11)
FN:133,(anonymous_12)
FNF:13
FNH:7
FNDA:1,(anonymous_0)
FNDA:5,(anonymous_1)
FNDA:4,(anonymous_2)
FNDA:1,(anonymous_3)
FNDA:0,(anonymous_4)
FNDA:1,(anonymous_5)
FNDA:0,(anonymous_6)
FNDA:0,(anonymous_7)
FNDA:0,(anonymous_8)
FNDA:0,(anonymous_9)
FNDA:0,(anonymous_10)
FNDA:12,(anonymous_11)
FNDA:10,(anonymous_12)
DA:15,1
DA:20,1
DA:21,1
DA:25,1
DA:29,5
DA:30,5
DA:34,4
DA:35,1
DA:38,0
DA:39,0
DA:40,0
DA:52,1
DA:54,0
DA:65,0
DA:68,0
DA:73,1
DA:87,0
DA:93,0
DA:118,12
DA:136,10
DA:152,1
LF:21
LH:13
BRF:0
BRH:0
end_of_record
